<?xml version="1.0" encoding="UTF-8"?>
<!-- Generated by org.testng.reporters.JUnitReportReporter -->
<testsuite skipped="0" hostname="sunny" name="testsample.ParameterByDataprovider" tests="3" failures="0" timestamp="15 Apr 2019 18:30:49 GMT" time="321.235" errors="0">
  <testcase name="testMethod" time="8.824" classname="testsample.ParameterByDataprovider"/>
  <testcase name="testMethod" time="165.732" classname="testsample.ParameterByDataprovider"/>
  <testcase name="testMethod" time="146.679" classname="testsample.ParameterByDataprovider"/>
</testsuite> <!-- testsample.ParameterByDataprovider -->
