<?xml version="1.0" encoding="UTF-8"?>
<!-- Generated by org.testng.reporters.JUnitReportReporter -->
<testsuite skipped="0" hostname="sunny" name="testsample.TestMavenWebDriver1" tests="1" failures="0" timestamp="09 Apr 2019 00:16:38 GMT" time="7.610" errors="0">
  <testcase name="testEasy" time="7.610" classname="testsample.TestMavenWebDriver1"/>
</testsuite> <!-- testsample.TestMavenWebDriver1 -->
